<?xml version="1.0" encoding="UTF-8"?>
<!-- Generated by org.testng.reporters.JUnitReportReporter -->
<testsuite hostname="DESKTOP-885HQA2" failures="0" tests="1" name="StepDefinitions.TestNG_TestRunner" time="0.086" errors="0" timestamp="2022-09-01T03:11:03 PKT" skipped="0">
  <testcase classname="StepDefinitions.TestNG_TestRunner" name="runScenario" time="0.086"/>
  <system-out/>
</testsuite> <!-- StepDefinitions.TestNG_TestRunner -->
